<?xml version="1.0" encoding="UTF-8"?>
<!-- Generated by org.testng.reporters.JUnitReportReporter -->
<testsuite hostname="DESKTOP-KMSC2NJ" failures="0" tests="6" name="DynamicJsonLibrary" time="4.458" errors="0" timestamp="2023-10-02T00:31:25 IST" skipped="0">
  <testcase classname="DynamicJsonLibrary" name="addBook" time="0.138"/>
  <system-out/>
  <testcase classname="DynamicJsonLibrary" name="deleteAPI" time="0.149"/>
  <system-out/>
  <testcase classname="DynamicJsonLibrary" name="deleteAPI" time="0.117"/>
  <system-out/>
  <testcase classname="DynamicJsonLibrary" name="addBook" time="0.141"/>
  <system-out/>
  <testcase classname="DynamicJsonLibrary" name="addBook" time="3.787"/>
  <system-out/>
  <testcase classname="DynamicJsonLibrary" name="deleteAPI" time="0.126"/>
  <system-out/>
</testsuite> <!-- DynamicJsonLibrary -->
